$GPRMC,091448.00,A,3605.94556,N,11504.41248,W,0.029,,120823,,,D*67
$GPVTG,,T,,M,0.029,N,0.054,K,D*2C
$GPGGA,091448.00,3605.94556,N,11504.41248,W,2,10,1.16,541.3,M,-26.6,M,,0000*67
$GPGSA,A,3,14,07,19,13,17,30,02,06,46,48,,,1.84,1.16,1.43*08
$GPGSV,4,1,14,01,23,054,,02,12,040,22,06,16,168,32,07,13,138,37*79
$GPGSV,4,2,14,13,42,246,40,14,54,052,36,15,23,281,32,17,86,048,37*73
$GPGSV,4,3,14,19,65,217,43,21,05,034,26,22,65,012,,30,41,139,41*7E
$GPGSV,4,4,14,46,46,203,39,48,47,197,39*7D
$GPGLL,3605.94556,N,11504.41248,W,091448.00,A,D*7F


0a
24 47 50 54 58 54 2c 30 31 2c 30 31 2c 30 31 2c 4e 4d 45 41 20 75 6e 6b 6e 6f 77 6e 20 6d 73 67 2a 35 38 0a
0a
24 47 50 47 53 41 2c 41 2c 33 2c 31 34 2c 30 37 2c 31 39 2c 31 33 2c 31 37 2c 33 30 2c 31 35 2c 30 36 2c 34 36 2c 34 38 2c 32 34 2c 2c 31 2e 35 30 2c 30 2e 39 32 2c 31 2e 31 38 2a 30 32 0a
0a
24 47 50 47 53 56 2c 34 2c 31 2c 31 35 2c 30 31 2c 32 30 2c 30 34 37 2c 33 35 2c 30 32 2c 30 37 2c 30 33 36 2c 2c 30 36 2c 32 33 2c 31 36 36 2c 33 36 2c 30 37 2c 30 36 2c 31 34 30 2c 33 33 2a 37 39 0a
0a
24 47 50 47 53 56 2c 34 2c 32 2c 31 35 2c 31 33 2c 33 37 2c 32 33 38 2c 33 33 2c 31 34 2c 35 30 2c 30 36 32 2c 33 37 2c 31 35 2c 32 32 2c 32 37 34 2c 33 32 2c 31 37 2c 37 39 2c 30 33 32 2c 33 39 2a 37 33 0a
0a
24 47 50 47 53 56 2c 34 2c 33 2c 31 35 2c 31 39 2c 37 32 2c 32 32 37 2c 34 30 2c 32 31 2c 30 31 2c 30 33 31 2c 2c 32 32 2c 36 33 2c 30 32 37 2c 2c 32 34 2c 31 39 2c 33 31 35 2c 33 30 2a 37 45 0a
0a
24 47 50 47 53 56 2c 34 2c 34 2c 31 35 2c 33 30 2c 33 34 2c 31 34 33 2c 33 39 2c 34 36 2c 34 36 2c 32 30 33 2c 34 31 2c 34 38 2c 34 37 2c 31 39 37 2c 33 39 2a 34 42 0a
0a
24 47 50 47 4c 4c 2c 33 36 30 35 2e 39 34 32 39 35 2c 4e 2c 31 31 35 30 34 2e 34 31 31 31 39 2c 57 2c 30 39 33 30 33 39 2e 30 30 2c 41 2c 44 2a 37 30 0a
0a